<?xml version="1.0" encoding="UTF-8"?>
<!-- Generated by org.testng.reporters.JUnitReportReporter -->
<testsuite hostname="DESKTOP-B6G8B2D" name="test.T2" tests="1" failures="0" timestamp="5 Oct 2018 13:06:07 GMT" time="0.646" errors="0">
  <testcase name="t" time="0.646" classname="test.T2"/>
</testsuite> <!-- test.T2 -->
