<?xml version="1.0" encoding="UTF-8"?>
<!-- Generated by org.testng.reporters.JUnitReportReporter -->
<testsuite hostname="DESKTOP-B6G8B2D" name="test.AppiumZhihuRegister" tests="1" failures="0" timestamp="4 Oct 2018 05:13:44 GMT" time="19.608" errors="0">
  <testcase name="t1" time="19.608" classname="test.AppiumZhihuRegister"/>
</testsuite> <!-- test.AppiumZhihuRegister -->
