<?xml version="1.0" encoding="UTF-8"?>
<!-- Generated by org.testng.reporters.JUnitReportReporter -->
<testsuite hostname="DESKTOP-00V8S38" name="cn.taofen8.test.T1" tests="1" failures="0" timestamp="8 Nov 2018 10:13:54 GMT" time="3.506" errors="0">
  <testcase name="t" time="3.506" classname="cn.taofen8.test.T1"/>
</testsuite> <!-- cn.taofen8.test.T1 -->
