<?xml version="1.0" encoding="UTF-8"?>
<!-- Generated by org.testng.reporters.JUnitReportReporter -->
<testsuite hostname="DESKTOP-00V8S38" name="cn.taofen8.services.AlipayError" tests="1" failures="0" timestamp="17 Dec 2018 08:43:30 GMT" time="0.814" errors="0">
  <testcase name="t" time="0.814" classname="cn.taofen8.services.AlipayError"/>
</testsuite> <!-- cn.taofen8.services.AlipayError -->
