<?xml version="1.0" encoding="UTF-8"?>
<!-- Generated by org.testng.reporters.JUnitReportReporter -->
<testsuite hostname="DESKTOP-00V8S38" name="test.T1" tests="1" failures="0" timestamp="17 Dec 2018 10:41:14 GMT" time="0.525" errors="0">
  <testcase name="t1" time="0.525" classname="test.T1"/>
</testsuite> <!-- test.T1 -->
