<?xml version="1.0" encoding="UTF-8"?>
<!-- Generated by org.testng.reporters.JUnitReportReporter -->
<testsuite hostname="DESKTOP-00V8S38" name="cn.taofen8.util.getSms" tests="1" failures="0" timestamp="6 Nov 2018 07:07:15 GMT" time="0.577" errors="0">
  <testcase name="tt" time="0.577" classname="cn.taofen8.util.getSms"/>
</testsuite> <!-- cn.taofen8.util.getSms -->
